INFO: [VRFC 10-163] Analyzing VHDL file "C:/FPGAPrj/VIVADO/NezProcesser/vhdl/vivado/xillydemo.ip_user_files/ipstatic/fifo_generator_v13_0_0/simulation/fifo_generator_vhdl_beh.vhd" into library fifo_generator_v13_0_0
INFO: [VRFC 10-307] analyzing entity fifo_generator_v13_0_0_bhv_as
INFO: [VRFC 10-307] analyzing entity fifo_generator_v13_0_0_bhv_ss
INFO: [VRFC 10-307] analyzing entity fifo_generator_v13_0_0_bhv_preload0
INFO: [VRFC 10-307] analyzing entity fifo_generator_v13_0_0_conv
INFO: [VRFC 10-307] analyzing entity fifo_generator_v13_0_0_axic_reg_slice
INFO: [VRFC 10-307] analyzing entity fifo_generator_vhdl_beh
INFO: [VRFC 10-163] Analyzing VHDL file "C:/FPGAPrj/VIVADO/NezProcesser/vhdl/vivado/xillydemo.ip_user_files/ipstatic/fifo_generator_v13_0_0/hdl/fifo_generator_v13_0_rfs.vhd" into library fifo_generator_v13_0_0
INFO: [VRFC 10-307] analyzing entity input_blk
INFO: [VRFC 10-307] analyzing entity output_blk
INFO: [VRFC 10-307] analyzing entity shft_wrapper
INFO: [VRFC 10-307] analyzing entity shft_ram
INFO: [VRFC 10-307] analyzing entity wr_pf_as
INFO: [VRFC 10-307] analyzing entity wr_pf_ss
INFO: [VRFC 10-307] analyzing entity rd_pe_as
INFO: [VRFC 10-307] analyzing entity rd_pe_ss
INFO: [VRFC 10-307] analyzing entity synchronizer_ff
INFO: [VRFC 10-307] analyzing entity delay
INFO: [VRFC 10-307] analyzing entity bin_cntr
INFO: [VRFC 10-307] analyzing entity clk_x_pntrs_builtin
INFO: [VRFC 10-307] analyzing entity logic_builtin
INFO: [VRFC 10-307] analyzing entity builtin_prim
INFO: [VRFC 10-307] analyzing entity builtin_extdepth
INFO: [VRFC 10-307] analyzing entity builtin_top
INFO: [VRFC 10-307] analyzing entity reset_builtin
INFO: [VRFC 10-307] analyzing entity builtin_prim_v6
INFO: [VRFC 10-307] analyzing entity builtin_extdepth_v6
INFO: [VRFC 10-307] analyzing entity builtin_extdepth_low_latency
INFO: [VRFC 10-307] analyzing entity builtin_top_v6
INFO: [VRFC 10-307] analyzing entity fifo_generator_v13_0_0_builtin
INFO: [VRFC 10-307] analyzing entity bram_sync_reg
INFO: [VRFC 10-307] analyzing entity bram_fifo_rstlogic
INFO: [VRFC 10-307] analyzing entity reset_blk_ramfifo
INFO: [VRFC 10-307] analyzing entity axi_reg_slice
INFO: [VRFC 10-307] analyzing entity fifo_generator_top
INFO: [VRFC 10-307] analyzing entity fifo_generator_v13_0_0_synth
INFO: [VRFC 10-307] analyzing entity fifo_generator_v13_0_0
INFO: [VRFC 10-163] Analyzing VHDL file "C:/FPGAPrj/VIVADO/NezProcesser/vivado-essentials/vga_fifo/sim/vga_fifo.vhd" into library xil_defaultlib
INFO: [VRFC 10-307] analyzing entity vga_fifo
INFO: [VRFC 10-163] Analyzing VHDL file "C:/FPGAPrj/VIVADO/NezProcesser/vivado-essentials/fifo_32x512/sim/fifo_32x512.vhd" into library xil_defaultlib
INFO: [VRFC 10-307] analyzing entity fifo_32x512
INFO: [VRFC 10-163] Analyzing VHDL file "C:/FPGAPrj/VIVADO/NezProcesser/vivado-essentials/fifo_8x2048/sim/fifo_8x2048.vhd" into library xil_defaultlib
INFO: [VRFC 10-307] analyzing entity fifo_8x2048
INFO: [VRFC 10-163] Analyzing VHDL file "C:/FPGAPrj/VIVADO/NezProcesser/vhdl/src/xillydemo.vhd" into library xil_defaultlib
INFO: [VRFC 10-307] analyzing entity xillydemo
INFO: [VRFC 10-163] Analyzing VHDL file "C:/FPGAPrj/VIVADO/NezProcesser/vivado-essentials/vivado_system/ip/vivado_system_rst_processing_system7_0_100M_0/lib_cdc_v1_0_2/hdl/src/vhdl/cdc_sync.vhd" into library lib_cdc_v1_0_2
INFO: [VRFC 10-307] analyzing entity cdc_sync
INFO: [VRFC 10-163] Analyzing VHDL file "C:/FPGAPrj/VIVADO/NezProcesser/vivado-essentials/vivado_system/ip/vivado_system_rst_processing_system7_0_100M_0/proc_sys_reset_v5_0_8/hdl/src/vhdl/upcnt_n.vhd" into library proc_sys_reset_v5_0_8
INFO: [VRFC 10-307] analyzing entity upcnt_n
INFO: [VRFC 10-163] Analyzing VHDL file "C:/FPGAPrj/VIVADO/NezProcesser/vivado-essentials/vivado_system/ip/vivado_system_rst_processing_system7_0_100M_0/proc_sys_reset_v5_0_8/hdl/src/vhdl/sequence_psr.vhd" into library proc_sys_reset_v5_0_8
INFO: [VRFC 10-307] analyzing entity sequence_psr
INFO: [VRFC 10-163] Analyzing VHDL file "C:/FPGAPrj/VIVADO/NezProcesser/vivado-essentials/vivado_system/ip/vivado_system_rst_processing_system7_0_100M_0/proc_sys_reset_v5_0_8/hdl/src/vhdl/lpf.vhd" into library proc_sys_reset_v5_0_8
INFO: [VRFC 10-307] analyzing entity lpf
INFO: [VRFC 10-163] Analyzing VHDL file "C:/FPGAPrj/VIVADO/NezProcesser/vivado-essentials/vivado_system/ip/vivado_system_rst_processing_system7_0_100M_0/proc_sys_reset_v5_0_8/hdl/src/vhdl/proc_sys_reset.vhd" into library proc_sys_reset_v5_0_8
INFO: [VRFC 10-307] analyzing entity proc_sys_reset
INFO: [VRFC 10-163] Analyzing VHDL file "C:/FPGAPrj/VIVADO/NezProcesser/vhdl/vivado/xillydemo.ip_user_files/bd/vivado_system/ip/vivado_system_rst_processing_system7_0_100M_0/sim/vivado_system_rst_processing_system7_0_100M_0.vhd" into library xil_defaultlib
INFO: [VRFC 10-307] analyzing entity vivado_system_rst_processing_system7_0_100M_0
INFO: [VRFC 10-163] Analyzing VHDL file "C:/FPGAPrj/VIVADO/NezProcesser/vhdl/vivado/xillydemo.ip_user_files/bd/vivado_system/ip/vivado_system_xlconcat_0_0/work/xlconcat.vhd" into library xil_defaultlib
INFO: [VRFC 10-307] analyzing entity xlconcat
INFO: [VRFC 10-163] Analyzing VHDL file "C:/FPGAPrj/VIVADO/NezProcesser/vhdl/vivado/xillydemo.ip_user_files/bd/vivado_system/ip/vivado_system_xlconcat_0_0/sim/vivado_system_xlconcat_0_0.vhd" into library xil_defaultlib
INFO: [VRFC 10-307] analyzing entity vivado_system_xlconcat_0_0
INFO: [VRFC 10-163] Analyzing VHDL file "C:/FPGAPrj/VIVADO/NezProcesser/vivado-essentials/vivado_system/ip/vivado_system_xbar_0/fifo_generator_v13_0_0/simulation/fifo_generator_vhdl_beh.vhd" into library fifo_generator_v13_0_0
INFO: [VRFC 10-307] analyzing entity fifo_generator_v13_0_0_bhv_as
INFO: [VRFC 10-307] analyzing entity fifo_generator_v13_0_0_bhv_ss
INFO: [VRFC 10-307] analyzing entity fifo_generator_v13_0_0_bhv_preload0
INFO: [VRFC 10-307] analyzing entity fifo_generator_v13_0_0_conv
INFO: [VRFC 10-307] analyzing entity fifo_generator_v13_0_0_axic_reg_slice
INFO: [VRFC 10-307] analyzing entity fifo_generator_vhdl_beh
INFO: [VRFC 10-163] Analyzing VHDL file "C:/FPGAPrj/VIVADO/NezProcesser/vivado-essentials/vivado_system/ip/vivado_system_xbar_0/fifo_generator_v13_0_0/hdl/fifo_generator_v13_0_rfs.vhd" into library fifo_generator_v13_0_0
WARNING: [VRFC 10-1193] overwriting existing primary unit fifo_generator_v13_0_0_pkg [C:/FPGAPrj/VIVADO/NezProcesser/vivado-essentials/vivado_system/ip/vivado_system_xbar_0/fifo_generator_v13_0_0/hdl/fifo_generator_v13_0_rfs.vhd:133]
INFO: [VRFC 10-307] analyzing entity input_blk
WARNING: [VRFC 10-1193] overwriting existing primary unit input_blk [C:/FPGAPrj/VIVADO/NezProcesser/vivado-essentials/vivado_system/ip/vivado_system_xbar_0/fifo_generator_v13_0_0/hdl/fifo_generator_v13_0_rfs.vhd:3068]
INFO: [VRFC 10-307] analyzing entity output_blk
WARNING: [VRFC 10-1193] overwriting existing primary unit output_blk [C:/FPGAPrj/VIVADO/NezProcesser/vivado-essentials/vivado_system/ip/vivado_system_xbar_0/fifo_generator_v13_0_0/hdl/fifo_generator_v13_0_rfs.vhd:3514]
INFO: [VRFC 10-307] analyzing entity shft_wrapper
INFO: [VRFC 10-307] analyzing entity shft_ram
INFO: [VRFC 10-307] analyzing entity wr_pf_as
INFO: [VRFC 10-307] analyzing entity wr_pf_ss
INFO: [VRFC 10-307] analyzing entity rd_pe_as
INFO: [VRFC 10-307] analyzing entity rd_pe_ss
INFO: [VRFC 10-307] analyzing entity synchronizer_ff
INFO: [VRFC 10-307] analyzing entity delay
INFO: [VRFC 10-307] analyzing entity bin_cntr
INFO: [VRFC 10-307] analyzing entity clk_x_pntrs_builtin
INFO: [VRFC 10-307] analyzing entity logic_builtin
INFO: [VRFC 10-307] analyzing entity builtin_prim
INFO: [VRFC 10-307] analyzing entity builtin_extdepth
INFO: [VRFC 10-307] analyzing entity builtin_top
INFO: [VRFC 10-307] analyzing entity reset_builtin
INFO: [VRFC 10-307] analyzing entity builtin_prim_v6
INFO: [VRFC 10-307] analyzing entity builtin_extdepth_v6
INFO: [VRFC 10-307] analyzing entity builtin_extdepth_low_latency
INFO: [VRFC 10-307] analyzing entity builtin_top_v6
INFO: [VRFC 10-307] analyzing entity fifo_generator_v13_0_0_builtin
INFO: [VRFC 10-307] analyzing entity bram_sync_reg
INFO: [VRFC 10-307] analyzing entity bram_fifo_rstlogic
INFO: [VRFC 10-307] analyzing entity reset_blk_ramfifo
INFO: [VRFC 10-307] analyzing entity axi_reg_slice
INFO: [VRFC 10-307] analyzing entity fifo_generator_top
INFO: [VRFC 10-307] analyzing entity fifo_generator_v13_0_0_synth
INFO: [VRFC 10-307] analyzing entity fifo_generator_v13_0_0
WARNING: [VRFC 10-1193] overwriting existing primary unit fifo_generator_v13_0_0 [C:/FPGAPrj/VIVADO/NezProcesser/vivado-essentials/vivado_system/ip/vivado_system_xbar_0/fifo_generator_v13_0_0/hdl/fifo_generator_v13_0_rfs.vhd:22202]
INFO: [VRFC 10-163] Analyzing VHDL file "C:/FPGAPrj/VIVADO/NezProcesser/vivado-essentials/vivado_system/ip/vivado_system_auto_pc_0/fifo_generator_v13_0_0/simulation/fifo_generator_vhdl_beh.vhd" into library fifo_generator_v13_0_0
INFO: [VRFC 10-307] analyzing entity fifo_generator_v13_0_0_bhv_as
INFO: [VRFC 10-307] analyzing entity fifo_generator_v13_0_0_bhv_ss
INFO: [VRFC 10-307] analyzing entity fifo_generator_v13_0_0_bhv_preload0
INFO: [VRFC 10-307] analyzing entity fifo_generator_v13_0_0_conv
INFO: [VRFC 10-307] analyzing entity fifo_generator_v13_0_0_axic_reg_slice
INFO: [VRFC 10-307] analyzing entity fifo_generator_vhdl_beh
INFO: [VRFC 10-163] Analyzing VHDL file "C:/FPGAPrj/VIVADO/NezProcesser/vivado-essentials/vivado_system/ip/vivado_system_auto_pc_0/fifo_generator_v13_0_0/hdl/fifo_generator_v13_0_rfs.vhd" into library fifo_generator_v13_0_0
WARNING: [VRFC 10-1193] overwriting existing primary unit fifo_generator_v13_0_0_pkg [C:/FPGAPrj/VIVADO/NezProcesser/vivado-essentials/vivado_system/ip/vivado_system_auto_pc_0/fifo_generator_v13_0_0/hdl/fifo_generator_v13_0_rfs.vhd:133]
INFO: [VRFC 10-307] analyzing entity input_blk
WARNING: [VRFC 10-1193] overwriting existing primary unit input_blk [C:/FPGAPrj/VIVADO/NezProcesser/vivado-essentials/vivado_system/ip/vivado_system_auto_pc_0/fifo_generator_v13_0_0/hdl/fifo_generator_v13_0_rfs.vhd:3068]
INFO: [VRFC 10-307] analyzing entity output_blk
WARNING: [VRFC 10-1193] overwriting existing primary unit output_blk [C:/FPGAPrj/VIVADO/NezProcesser/vivado-essentials/vivado_system/ip/vivado_system_auto_pc_0/fifo_generator_v13_0_0/hdl/fifo_generator_v13_0_rfs.vhd:3514]
INFO: [VRFC 10-307] analyzing entity shft_wrapper
INFO: [VRFC 10-307] analyzing entity shft_ram
INFO: [VRFC 10-307] analyzing entity wr_pf_as
INFO: [VRFC 10-307] analyzing entity wr_pf_ss
INFO: [VRFC 10-307] analyzing entity rd_pe_as
INFO: [VRFC 10-307] analyzing entity rd_pe_ss
INFO: [VRFC 10-307] analyzing entity synchronizer_ff
INFO: [VRFC 10-307] analyzing entity delay
INFO: [VRFC 10-307] analyzing entity bin_cntr
INFO: [VRFC 10-307] analyzing entity clk_x_pntrs_builtin
INFO: [VRFC 10-307] analyzing entity logic_builtin
INFO: [VRFC 10-307] analyzing entity builtin_prim
INFO: [VRFC 10-307] analyzing entity builtin_extdepth
INFO: [VRFC 10-307] analyzing entity builtin_top
INFO: [VRFC 10-307] analyzing entity reset_builtin
INFO: [VRFC 10-307] analyzing entity builtin_prim_v6
INFO: [VRFC 10-307] analyzing entity builtin_extdepth_v6
INFO: [VRFC 10-307] analyzing entity builtin_extdepth_low_latency
INFO: [VRFC 10-307] analyzing entity builtin_top_v6
INFO: [VRFC 10-307] analyzing entity fifo_generator_v13_0_0_builtin
INFO: [VRFC 10-307] analyzing entity bram_sync_reg
INFO: [VRFC 10-307] analyzing entity bram_fifo_rstlogic
INFO: [VRFC 10-307] analyzing entity reset_blk_ramfifo
INFO: [VRFC 10-307] analyzing entity axi_reg_slice
INFO: [VRFC 10-307] analyzing entity fifo_generator_top
INFO: [VRFC 10-307] analyzing entity fifo_generator_v13_0_0_synth
INFO: [VRFC 10-307] analyzing entity fifo_generator_v13_0_0
WARNING: [VRFC 10-1193] overwriting existing primary unit fifo_generator_v13_0_0 [C:/FPGAPrj/VIVADO/NezProcesser/vivado-essentials/vivado_system/ip/vivado_system_auto_pc_0/fifo_generator_v13_0_0/hdl/fifo_generator_v13_0_rfs.vhd:22202]
INFO: [VRFC 10-163] Analyzing VHDL file "C:/FPGAPrj/VIVADO/NezProcesser/vhdl/vivado/xillydemo.ip_user_files/bd/vivado_system/hdl/vivado_system.vhd" into library xil_defaultlib
INFO: [VRFC 10-307] analyzing entity m00_couplers_imp_TN0WBI
INFO: [VRFC 10-307] analyzing entity m01_couplers_imp_1V1KO5M
INFO: [VRFC 10-307] analyzing entity m02_couplers_imp_11J5E2F
INFO: [VRFC 10-307] analyzing entity s00_couplers_imp_WHIN6P
INFO: [VRFC 10-307] analyzing entity vivado_system_processing_system7_0_axi_periph_0
INFO: [VRFC 10-307] analyzing entity vivado_system
