Copyright 1986-2015 Xilinx, Inc. All Rights Reserved.
----------------------------------------------------------------------------------------
| Tool Version     : Vivado v.2015.3 (win64) Build 1368829 Mon Sep 28 20:06:43 MDT 2015
| Date             : Tue Jun 28 10:59:32 2016
| Host             : maicuong running 64-bit major release  (build 9200)
| Command          : 
| Design           : xillydemo
| Device           : xc7z010clg400-1
| Design State     : routed
| Grade            : commercial
| Process          : typical
| Characterization : Production
----------------------------------------------------------------------------------------

Power Report

Table of Contents
-----------------
1. Summary
1.1 On-Chip Components
1.2 Power Supply Summary
1.3 Confidence Level
2. Settings
2.1 Environment
2.2 Clock Constraints
3. Detailed Reports
3.1 By Hierarchy

1. Summary
----------

+--------------------------+-------+
| Total On-Chip Power (W)  | 2.252 |
| Dynamic (W)              | 2.111 |
| Device Static (W)        | 0.141 |
| Total Off-Chip Power (W) | 0.008 |
| Effective TJA (C/W)      | 11.5  |
| Max Ambient (C)          | 59.1  |
| Junction Temperature (C) | 50.9  |
| Confidence Level         | Low   |
| Setting File             | ---   |
| Simulation Activity File | ---   |
| Design Nets Matched      | NA    |
+--------------------------+-------+


1.1 On-Chip Components
----------------------

+--------------------------+-----------+----------+-----------+-----------------+
| On-Chip                  | Power (W) | Used     | Available | Utilization (%) |
+--------------------------+-----------+----------+-----------+-----------------+
| Clocks                   |     0.022 |       10 |       --- |             --- |
| Slice Logic              |     0.010 |    11615 |       --- |             --- |
|   LUT as Logic           |     0.008 |     4693 |     17600 |           26.66 |
|   CARRY4                 |    <0.001 |      327 |      4400 |            7.43 |
|   Register               |    <0.001 |     5024 |     35200 |           14.27 |
|   LUT as Distributed RAM |    <0.001 |      270 |      6000 |            4.50 |
|   F7/F8 Muxes            |    <0.001 |       46 |     17600 |            0.26 |
|   LUT as Shift Register  |    <0.001 |       71 |      6000 |            1.18 |
|   Others                 |     0.000 |      697 |       --- |             --- |
| Signals                  |     0.017 |     8397 |       --- |             --- |
| Block RAM                |     0.008 |      5.5 |        60 |            9.17 |
| MMCM                     |     0.105 |        1 |         2 |           50.00 |
| PLL                      |     0.102 |        1 |         2 |           50.00 |
| I/O                      |     0.323 |       98 |       100 |           98.00 |
| PS7                      |     1.516 |        1 |       --- |             --- |
| Static Power             |     0.141 |          |           |                 |
| Total                    |     2.244 |          |           |                 |
+--------------------------+-----------+----------+-----------+-----------------+


1.2 Power Supply Summary
------------------------

+-----------+-------------+-----------+-------------+------------+
| Source    | Voltage (V) | Total (A) | Dynamic (A) | Static (A) |
+-----------+-------------+-----------+-------------+------------+
| Vccint    |       1.000 |     0.077 |       0.067 |      0.009 |
| Vccaux    |       1.800 |     0.127 |       0.115 |      0.012 |
| Vcco33    |       3.300 |     0.098 |       0.097 |      0.001 |
| Vcco25    |       2.500 |     0.000 |       0.000 |      0.000 |
| Vcco18    |       1.800 |     0.000 |       0.000 |      0.000 |
| Vcco15    |       1.500 |     0.000 |       0.000 |      0.000 |
| Vcco135   |       1.350 |     0.000 |       0.000 |      0.000 |
| Vcco12    |       1.200 |     0.000 |       0.000 |      0.000 |
| Vccaux_io |       1.800 |     0.000 |       0.000 |      0.000 |
| Vccbram   |       1.000 |     0.001 |       0.000 |      0.001 |
| MGTAVcc   |       1.000 |     0.000 |       0.000 |      0.000 |
| MGTAVtt   |       1.200 |     0.000 |       0.000 |      0.000 |
| MGTVccaux |       1.800 |     0.000 |       0.000 |      0.000 |
| Vccpint   |       1.000 |     0.745 |       0.707 |      0.037 |
| Vccpaux   |       1.800 |     0.061 |       0.050 |      0.010 |
| Vccpll    |       1.800 |     0.017 |       0.014 |      0.003 |
| Vcco_ddr  |       1.500 |     0.458 |       0.456 |      0.002 |
| Vcco_mio0 |       3.300 |     0.003 |       0.002 |      0.001 |
| Vcco_mio1 |       1.800 |     0.003 |       0.002 |      0.001 |
| Vccadc    |       1.800 |     0.020 |       0.000 |      0.020 |
+-----------+-------------+-----------+-------------+------------+


1.3 Confidence Level
--------------------

+-----------------------------+------------+--------------------------------------------------------+------------------------------------------------------------------------------------------------------------+
| User Input Data             | Confidence | Details                                                | Action                                                                                                     |
+-----------------------------+------------+--------------------------------------------------------+------------------------------------------------------------------------------------------------------------+
| Design implementation state | High       | Design is routed                                       |                                                                                                            |
| Clock nodes activity        | High       | User specified more than 95% of clocks                 |                                                                                                            |
| I/O nodes activity          | Low        | More than 75% of inputs are missing user specification | Provide missing input activity with simulation results or by editing the "By Resource Type -> I/Os" view   |
| Internal nodes activity     | Medium     | User specified less than 25% of internal nodes         | Provide missing internal nodes activity with simulation results or by editing the "By Resource Type" views |
| Device models               | High       | Device models are Production                           |                                                                                                            |
|                             |            |                                                        |                                                                                                            |
| Overall confidence level    | Low        |                                                        |                                                                                                            |
+-----------------------------+------------+--------------------------------------------------------+------------------------------------------------------------------------------------------------------------+


2. Settings
-----------

2.1 Environment
---------------

+-----------------------+------------------------+
| Ambient Temp (C)      | 25.0                   |
| ThetaJA (C/W)         | 11.5                   |
| Airflow (LFM)         | 250                    |
| Heat Sink             | none                   |
| ThetaSA (C/W)         | 0.0                    |
| Board Selection       | medium (10"x10")       |
| # of Board Layers     | 8to11 (8 to 11 Layers) |
| Board Temperature (C) | 25.0                   |
+-----------------------+------------------------+


2.2 Clock Constraints
---------------------

+---------------------+---------------------------------------------------------------------------------------------+-----------------+
| Clock               | Domain                                                                                      | Constraint (ns) |
+---------------------+---------------------------------------------------------------------------------------------+-----------------+
| audio_mclk_OBUF     | audio_ins/audio_mclk_OBUF                                                                   |            83.3 |
| clk_fb              | audio_ins/clk_fb                                                                            |            40.0 |
| clk_fpga_1          | xillybus_ins/system_i/vivado_system_i/processing_system7_0/inst/PS7_i_n_707                 |            10.0 |
| gclk                | clk_100                                                                                     |             8.0 |
| vga_clk_ins/clk_fb  | xillybus_ins/system_i/vivado_system_i/xillyvga_0/inst/xillyvga_core_ins/vga_clk_ins/clk_fb  |            40.0 |
| vga_clk_ins/clkout0 | xillybus_ins/system_i/vivado_system_i/xillyvga_0/inst/xillyvga_core_ins/vga_clk_ins/clkout0 |             3.1 |
| vga_clk_ins/clkout1 | xillybus_ins/system_i/vivado_system_i/xillyvga_0/inst/xillyvga_core_ins/vga_clk_ins/clkout1 |            15.4 |
| vga_clk_ins/clkout2 | xillybus_ins/system_i/vivado_system_i/xillyvga_0/inst/xillyvga_core_ins/vga_clk_ins/clkout2 |            15.4 |
+---------------------+---------------------------------------------------------------------------------------------+-----------------+


3. Detailed Reports
-------------------

3.1 By Hierarchy
----------------

+---------------------------------------------------------------+-----------+
| Name                                                          | Power (W) |
+---------------------------------------------------------------+-----------+
| xillydemo                                                     |     2.102 |
|   CHECK                                                       |    <0.001 |
|   PS_GPIO_IOBUF[0]_inst                                       |     0.002 |
|   PS_GPIO_IOBUF[10]_inst                                      |     0.002 |
|   PS_GPIO_IOBUF[11]_inst                                      |     0.002 |
|   PS_GPIO_IOBUF[12]_inst                                      |     0.002 |
|   PS_GPIO_IOBUF[13]_inst                                      |     0.002 |
|   PS_GPIO_IOBUF[14]_inst                                      |     0.002 |
|   PS_GPIO_IOBUF[15]_inst                                      |     0.002 |
|   PS_GPIO_IOBUF[16]_inst                                      |     0.002 |
|   PS_GPIO_IOBUF[17]_inst                                      |     0.002 |
|   PS_GPIO_IOBUF[18]_inst                                      |     0.002 |
|   PS_GPIO_IOBUF[19]_inst                                      |     0.002 |
|   PS_GPIO_IOBUF[1]_inst                                       |     0.002 |
|   PS_GPIO_IOBUF[20]_inst                                      |     0.002 |
|   PS_GPIO_IOBUF[21]_inst                                      |     0.002 |
|   PS_GPIO_IOBUF[22]_inst                                      |     0.002 |
|   PS_GPIO_IOBUF[23]_inst                                      |     0.002 |
|   PS_GPIO_IOBUF[24]_inst                                      |     0.002 |
|   PS_GPIO_IOBUF[25]_inst                                      |     0.002 |
|   PS_GPIO_IOBUF[26]_inst                                      |     0.002 |
|   PS_GPIO_IOBUF[27]_inst                                      |     0.002 |
|   PS_GPIO_IOBUF[28]_inst                                      |     0.002 |
|   PS_GPIO_IOBUF[29]_inst                                      |     0.002 |
|   PS_GPIO_IOBUF[2]_inst                                       |     0.002 |
|   PS_GPIO_IOBUF[30]_inst                                      |     0.002 |
|   PS_GPIO_IOBUF[31]_inst                                      |     0.002 |
|   PS_GPIO_IOBUF[32]_inst                                      |     0.002 |
|   PS_GPIO_IOBUF[33]_inst                                      |     0.002 |
|   PS_GPIO_IOBUF[34]_inst                                      |     0.002 |
|   PS_GPIO_IOBUF[35]_inst                                      |     0.002 |
|   PS_GPIO_IOBUF[36]_inst                                      |     0.002 |
|   PS_GPIO_IOBUF[37]_inst                                      |     0.002 |
|   PS_GPIO_IOBUF[38]_inst                                      |     0.002 |
|   PS_GPIO_IOBUF[39]_inst                                      |     0.002 |
|   PS_GPIO_IOBUF[3]_inst                                       |     0.002 |
|   PS_GPIO_IOBUF[40]_inst                                      |     0.002 |
|   PS_GPIO_IOBUF[41]_inst                                      |     0.002 |
|   PS_GPIO_IOBUF[42]_inst                                      |     0.002 |
|   PS_GPIO_IOBUF[43]_inst                                      |     0.002 |
|   PS_GPIO_IOBUF[44]_inst                                      |     0.002 |
|   PS_GPIO_IOBUF[45]_inst                                      |     0.002 |
|   PS_GPIO_IOBUF[46]_inst                                      |     0.002 |
|   PS_GPIO_IOBUF[47]_inst                                      |     0.002 |
|   PS_GPIO_IOBUF[48]_inst                                      |     0.002 |
|   PS_GPIO_IOBUF[49]_inst                                      |     0.002 |
|   PS_GPIO_IOBUF[4]_inst                                       |     0.002 |
|   PS_GPIO_IOBUF[50]_inst                                      |     0.002 |
|   PS_GPIO_IOBUF[51]_inst                                      |     0.002 |
|   PS_GPIO_IOBUF[52]_inst                                      |     0.002 |
|   PS_GPIO_IOBUF[53]_inst                                      |     0.002 |
|   PS_GPIO_IOBUF[54]_inst                                      |     0.002 |
|   PS_GPIO_IOBUF[55]_inst                                      |     0.002 |
|   PS_GPIO_IOBUF[5]_inst                                       |     0.002 |
|   PS_GPIO_IOBUF[6]_inst                                       |     0.002 |
|   PS_GPIO_IOBUF[7]_inst                                       |     0.002 |
|   PS_GPIO_IOBUF[8]_inst                                       |     0.002 |
|   PS_GPIO_IOBUF[9]_inst                                       |     0.002 |
|   TEST_1                                                      |     0.001 |
|     FIRST_RECORD1                                             |    <0.001 |
|     MEMORY1                                                   |    <0.001 |
|     MEMORY_FAIL                                               |    <0.001 |
|     MEMORY_RETURN                                             |    <0.001 |
|     SET_TABLE1                                                |    <0.001 |
|     VM1                                                       |    <0.001 |
|       PR                                                      |    <0.001 |
|         ff0                                                   |    <0.001 |
|         ff1                                                   |    <0.001 |
|         ff2                                                   |    <0.001 |
|         ff3                                                   |    <0.001 |
|         ff4                                                   |    <0.001 |
|         ff5                                                   |    <0.001 |
|       SP_FAIL                                                 |    <0.001 |
|         rw_counter1                                           |    <0.001 |
|           ff0                                                 |    <0.001 |
|           ff1                                                 |    <0.001 |
|           ff10                                                |    <0.001 |
|           ff11                                                |    <0.001 |
|           ff12                                                |    <0.001 |
|           ff13                                                |    <0.001 |
|           ff14                                                |    <0.001 |
|           ff15                                                |    <0.001 |
|           ff2                                                 |    <0.001 |
|           ff3                                                 |    <0.001 |
|           ff4                                                 |    <0.001 |
|           ff5                                                 |    <0.001 |
|           ff6                                                 |    <0.001 |
|           ff7                                                 |    <0.001 |
|           ff8                                                 |    <0.001 |
|           ff9                                                 |    <0.001 |
|         rw_d_counter_16_1                                     |    <0.001 |
|           ff0                                                 |    <0.001 |
|           ff1                                                 |    <0.001 |
|           ff10                                                |    <0.001 |
|           ff11                                                |    <0.001 |
|           ff12                                                |    <0.001 |
|           ff13                                                |    <0.001 |
|           ff14                                                |    <0.001 |
|           ff15                                                |    <0.001 |
|           ff2                                                 |    <0.001 |
|           ff3                                                 |    <0.001 |
|           ff4                                                 |    <0.001 |
|           ff5                                                 |    <0.001 |
|           ff6                                                 |    <0.001 |
|           ff7                                                 |    <0.001 |
|           ff8                                                 |    <0.001 |
|           ff9                                                 |    <0.001 |
|         s_dcr_reg                                             |    <0.001 |
|         s_inc_reg                                             |    <0.001 |
|       SP_RETURN                                               |    <0.001 |
|         rw_counter1                                           |    <0.001 |
|           ff0                                                 |    <0.001 |
|           ff1                                                 |    <0.001 |
|           ff10                                                |    <0.001 |
|           ff11                                                |    <0.001 |
|           ff12                                                |    <0.001 |
|           ff13                                                |    <0.001 |
|           ff14                                                |    <0.001 |
|           ff15                                                |    <0.001 |
|           ff2                                                 |    <0.001 |
|           ff3                                                 |    <0.001 |
|           ff4                                                 |    <0.001 |
|           ff5                                                 |    <0.001 |
|           ff6                                                 |    <0.001 |
|           ff7                                                 |    <0.001 |
|           ff8                                                 |    <0.001 |
|           ff9                                                 |    <0.001 |
|         rw_d_counter_16_1                                     |    <0.001 |
|           ff0                                                 |    <0.001 |
|           ff1                                                 |    <0.001 |
|           ff10                                                |    <0.001 |
|           ff11                                                |    <0.001 |
|           ff12                                                |    <0.001 |
|           ff13                                                |    <0.001 |
|           ff14                                                |    <0.001 |
|           ff15                                                |    <0.001 |
|           ff2                                                 |    <0.001 |
|           ff3                                                 |    <0.001 |
|           ff4                                                 |    <0.001 |
|           ff5                                                 |    <0.001 |
|           ff6                                                 |    <0.001 |
|           ff7                                                 |    <0.001 |
|           ff8                                                 |    <0.001 |
|           ff9                                                 |    <0.001 |
|         s_dcr_reg                                             |    <0.001 |
|         s_inc_reg                                             |    <0.001 |
|       controller1                                             |    <0.001 |
|         Alt                                                   |    <0.001 |
|         Call                                                  |    <0.001 |
|         Dec1                                                  |    <0.001 |
|         Ex1                                                   |    <0.001 |
|           Byte1                                               |    <0.001 |
|           Obyte1                                              |    <0.001 |
|           Oset1                                               |    <0.001 |
|           Rset1                                               |    <0.001 |
|           Str1                                                |    <0.001 |
|         Fail1                                                 |    <0.001 |
|         Fail2                                                 |    <0.001 |
|         Fail3                                                 |    <0.001 |
|         First_step1                                           |    <0.001 |
|         First_step_insert                                     |    <0.001 |
|         Return1                                               |    <0.001 |
|         Str_goto_next_text                                    |    <0.001 |
|         Succ2                                                 |    <0.001 |
|         Wait_text                                             |    <0.001 |
|   audio_ins                                                   |     0.104 |
|     playback_fifo                                             |    <0.001 |
|       U0                                                      |    <0.001 |
|         inst_fifo_gen                                         |    <0.001 |
|           gconvfifo.rf                                        |    <0.001 |
|             grf.rf                                            |    <0.001 |
|               gntv_or_sync_fifo.gl0.rd                        |    <0.001 |
|                 grss.rsts                                     |    <0.001 |
|                   c1                                          |     0.000 |
|                   c2                                          |     0.000 |
|                 rpntr                                         |    <0.001 |
|               gntv_or_sync_fifo.gl0.wr                        |    <0.001 |
|                 gwss.wsts                                     |    <0.001 |
|                   c0                                          |     0.000 |
|                   c1                                          |     0.000 |
|                 wpntr                                         |    <0.001 |
|               gntv_or_sync_fifo.mem                           |    <0.001 |
|                 gbm.gbmg.gbmga.ngecc.bmg                      |    <0.001 |
|                   inst_blk_mem_gen                            |    <0.001 |
|                     gnativebmg.native_blk_mem_gen             |    <0.001 |
|                       valid.cstr                              |    <0.001 |
|                         ramloop[0].ram.r                      |    <0.001 |
|                           prim_noinit.ram                     |    <0.001 |
|     record_fifo                                               |     0.001 |
|       U0                                                      |     0.001 |
|         inst_fifo_gen                                         |     0.001 |
|           gconvfifo.rf                                        |     0.001 |
|             grf.rf                                            |     0.001 |
|               gntv_or_sync_fifo.gl0.rd                        |    <0.001 |
|                 grss.rsts                                     |    <0.001 |
|                   c1                                          |    <0.001 |
|                   c2                                          |    <0.001 |
|                 rpntr                                         |    <0.001 |
|               gntv_or_sync_fifo.gl0.wr                        |    <0.001 |
|                 gwss.wsts                                     |    <0.001 |
|                   c0                                          |    <0.001 |
|                   c1                                          |    <0.001 |
|                 wpntr                                         |    <0.001 |
|               gntv_or_sync_fifo.mem                           |    <0.001 |
|                 gbm.gbmg.gbmga.ngecc.bmg                      |    <0.001 |
|                   inst_blk_mem_gen                            |    <0.001 |
|                     gnativebmg.native_blk_mem_gen             |    <0.001 |
|                       valid.cstr                              |    <0.001 |
|                         ramloop[0].ram.r                      |    <0.001 |
|                           prim_noinit.ram                     |    <0.001 |
|   demoarray_reg_0_31_0_0                                      |    <0.001 |
|   demoarray_reg_0_31_1_1                                      |    <0.001 |
|   demoarray_reg_0_31_2_2                                      |    <0.001 |
|   demoarray_reg_0_31_3_3                                      |    <0.001 |
|   demoarray_reg_0_31_4_4                                      |    <0.001 |
|   demoarray_reg_0_31_5_5                                      |    <0.001 |
|   demoarray_reg_0_31_6_6                                      |    <0.001 |
|   demoarray_reg_0_31_7_7                                      |    <0.001 |
|   fifo_32                                                     |     0.002 |
|     U0                                                        |     0.002 |
|       inst_fifo_gen                                           |     0.002 |
|         gconvfifo.rf                                          |     0.002 |
|           grf.rf                                              |     0.002 |
|             gntv_or_sync_fifo.gl0.rd                          |    <0.001 |
|               grss.rsts                                       |    <0.001 |
|                 c1                                            |    <0.001 |
|                 c2                                            |     0.000 |
|               rpntr                                           |    <0.001 |
|             gntv_or_sync_fifo.gl0.wr                          |    <0.001 |
|               gwss.wsts                                       |    <0.001 |
|                 c0                                            |     0.000 |
|                 c1                                            |     0.000 |
|               wpntr                                           |    <0.001 |
|             gntv_or_sync_fifo.mem                             |     0.001 |
|               gbm.gbmg.gbmga.ngecc.bmg                        |     0.001 |
|                 inst_blk_mem_gen                              |     0.001 |
|                   gnativebmg.native_blk_mem_gen               |     0.001 |
|                     valid.cstr                                |     0.001 |
|                       ramloop[0].ram.r                        |     0.001 |
|                         prim_noinit.ram                       |     0.001 |
|   fifo_8_read                                                 |     0.002 |
|     U0                                                        |     0.002 |
|       inst_fifo_gen                                           |     0.002 |
|         gconvfifo.rf                                          |     0.002 |
|           grf.rf                                              |     0.002 |
|             gntv_or_sync_fifo.gl0.rd                          |    <0.001 |
|               grss.rsts                                       |    <0.001 |
|                 c1                                            |    <0.001 |
|                 c2                                            |     0.000 |
|               rpntr                                           |    <0.001 |
|             gntv_or_sync_fifo.gl0.wr                          |    <0.001 |
|               gwss.wsts                                       |    <0.001 |
|                 c0                                            |     0.000 |
|                 c1                                            |     0.000 |
|               wpntr                                           |    <0.001 |
|             gntv_or_sync_fifo.mem                             |     0.002 |
|               gbm.gbmg.gbmga.ngecc.bmg                        |     0.002 |
|                 inst_blk_mem_gen                              |     0.002 |
|                   gnativebmg.native_blk_mem_gen               |     0.002 |
|                     valid.cstr                                |     0.002 |
|                       ramloop[0].ram.r                        |     0.002 |
|                         prim_noinit.ram                       |     0.002 |
|   fifo_8_write                                                |    <0.001 |
|     U0                                                        |    <0.001 |
|       inst_fifo_gen                                           |    <0.001 |
|         gconvfifo.rf                                          |    <0.001 |
|           grf.rf                                              |    <0.001 |
|             gntv_or_sync_fifo.gl0.rd                          |    <0.001 |
|               grss.rsts                                       |    <0.001 |
|                 c1                                            |     0.000 |
|                 c2                                            |     0.000 |
|               rpntr                                           |    <0.001 |
|             gntv_or_sync_fifo.gl0.wr                          |    <0.001 |
|               gwss.wsts                                       |    <0.001 |
|                 c0                                            |    <0.001 |
|                 c1                                            |     0.000 |
|               wpntr                                           |    <0.001 |
|   litearray0_reg_0_31_0_0                                     |    <0.001 |
|   litearray0_reg_0_31_1_1                                     |    <0.001 |
|   litearray0_reg_0_31_2_2                                     |    <0.001 |
|   litearray0_reg_0_31_3_3                                     |    <0.001 |
|   litearray0_reg_0_31_4_4                                     |    <0.001 |
|   litearray0_reg_0_31_5_5                                     |    <0.001 |
|   litearray0_reg_0_31_6_6                                     |    <0.001 |
|   litearray0_reg_0_31_7_7                                     |    <0.001 |
|   litearray1_reg_0_31_0_0                                     |    <0.001 |
|   litearray1_reg_0_31_1_1                                     |    <0.001 |
|   litearray1_reg_0_31_2_2                                     |    <0.001 |
|   litearray1_reg_0_31_3_3                                     |    <0.001 |
|   litearray1_reg_0_31_4_4                                     |    <0.001 |
|   litearray1_reg_0_31_5_5                                     |    <0.001 |
|   litearray1_reg_0_31_6_6                                     |    <0.001 |
|   litearray1_reg_0_31_7_7                                     |    <0.001 |
|   litearray2_reg_0_31_0_0                                     |    <0.001 |
|   litearray2_reg_0_31_1_1                                     |    <0.001 |
|   litearray2_reg_0_31_2_2                                     |    <0.001 |
|   litearray2_reg_0_31_3_3                                     |    <0.001 |
|   litearray2_reg_0_31_4_4                                     |    <0.001 |
|   litearray2_reg_0_31_5_5                                     |    <0.001 |
|   litearray2_reg_0_31_6_6                                     |    <0.001 |
|   litearray2_reg_0_31_7_7                                     |    <0.001 |
|   litearray3_reg_0_31_0_0                                     |    <0.001 |
|   litearray3_reg_0_31_1_1                                     |    <0.001 |
|   litearray3_reg_0_31_2_2                                     |    <0.001 |
|   litearray3_reg_0_31_3_3                                     |    <0.001 |
|   litearray3_reg_0_31_4_4                                     |    <0.001 |
|   litearray3_reg_0_31_5_5                                     |    <0.001 |
|   litearray3_reg_0_31_6_6                                     |    <0.001 |
|   litearray3_reg_0_31_7_7                                     |    <0.001 |
|   smb_sdata_IOBUF_inst                                        |     0.000 |
|   smbus_ins                                                   |    <0.001 |
|     fifo                                                      |    <0.001 |
|       U0                                                      |    <0.001 |
|         inst_fifo_gen                                         |    <0.001 |
|           gconvfifo.rf                                        |    <0.001 |
|             grf.rf                                            |    <0.001 |
|               gntv_or_sync_fifo.gl0.rd                        |    <0.001 |
|                 grss.rsts                                     |    <0.001 |
|                   c1                                          |     0.000 |
|                   c2                                          |     0.000 |
|                 rpntr                                         |    <0.001 |
|               gntv_or_sync_fifo.gl0.wr                        |    <0.001 |
|                 gwss.wsts                                     |    <0.001 |
|                   c0                                          |     0.000 |
|                   c1                                          |     0.000 |
|                 wpntr                                         |    <0.001 |
|               gntv_or_sync_fifo.mem                           |    <0.001 |
|                 gbm.gbmg.gbmga.ngecc.bmg                      |    <0.001 |
|                   inst_blk_mem_gen                            |    <0.001 |
|                     gnativebmg.native_blk_mem_gen             |    <0.001 |
|                       valid.cstr                              |    <0.001 |
|                         ramloop[0].ram.r                      |    <0.001 |
|                           prim_noinit.ram                     |    <0.001 |
|   xillybus_ins                                                |     1.852 |
|     system_i                                                  |     1.826 |
|       vivado_system_i                                         |     1.826 |
|         processing_system7_0                                  |     1.521 |
|           inst                                                |     1.521 |
|             xlnx_axi_wrshim_unwrap_inst_gp0                   |     0.000 |
|             xlnx_axi_wrshim_unwrap_inst_gp1                   |     0.000 |
|         processing_system7_0_axi_periph                       |     0.005 |
|           s00_couplers                                        |     0.004 |
|             auto_pc                                           |     0.004 |
|               inst                                            |     0.004 |
|                 gen_axilite.gen_b2s_conv.axilite_b2s          |     0.004 |
|                   RD.ar_channel_0                             |    <0.001 |
|                     ar_cmd_fsm_0                              |    <0.001 |
|                     cmd_translator_0                          |    <0.001 |
|                       incr_cmd_0                              |    <0.001 |
|                       wrap_cmd_0                              |    <0.001 |
|                   RD.r_channel_0                              |    <0.001 |
|                     rd_data_fifo_0                            |    <0.001 |
|                     transaction_fifo_0                        |    <0.001 |
|                   SI_REG                                      |     0.002 |
|                     ar_pipe                                   |    <0.001 |
|                     aw_pipe                                   |    <0.001 |
|                     b_pipe                                    |    <0.001 |
|                     r_pipe                                    |    <0.001 |
|                   WR.aw_channel_0                             |    <0.001 |
|                     aw_cmd_fsm_0                              |    <0.001 |
|                     cmd_translator_0                          |    <0.001 |
|                       incr_cmd_0                              |    <0.001 |
|                       wrap_cmd_0                              |    <0.001 |
|                   WR.b_channel_0                              |    <0.001 |
|                     bid_fifo_0                                |    <0.001 |
|                     bresp_fifo_0                              |    <0.001 |
|           xbar                                                |    <0.001 |
|             inst                                              |    <0.001 |
|               gen_sasd.crossbar_sasd_0                        |    <0.001 |
|                 addr_arbiter_inst                             |    <0.001 |
|                 gen_decerr.decerr_slave_inst                  |    <0.001 |
|                 reg_slice_r                                   |    <0.001 |
|                 splitter_ar                                   |    <0.001 |
|                 splitter_aw                                   |    <0.001 |
|         rst_processing_system7_0_100M                         |    <0.001 |
|           U0                                                  |    <0.001 |
|             EXT_LPF                                           |    <0.001 |
|               ACTIVE_LOW_EXT.ACT_LO_EXT                       |    <0.001 |
|             SEQ                                               |    <0.001 |
|               SEQ_COUNTER                                     |    <0.001 |
|         xillybus_ip_0                                         |    <0.001 |
|           inst                                                |    <0.001 |
|         xillybus_lite_0                                       |    <0.001 |
|           U0                                                  |    <0.001 |
|         xillyvga_0                                            |     0.299 |
|           inst                                                |     0.299 |
|             xillyvga_core_ins                                 |     0.299 |
|               vga_fifo_wrapper_ins/vga_fifo                   |     0.001 |
|                 U0                                            |     0.001 |
|                   inst_fifo_gen                               |     0.001 |
|                     gconvfifo.rf                              |     0.001 |
|                       grf.rf                                  |     0.001 |
|                         gntv_or_sync_fifo.gcx.clkx            |    <0.001 |
|                           gsync_stage[1].rd_stg_inst          |    <0.001 |
|                           gsync_stage[1].wr_stg_inst          |    <0.001 |
|                           gsync_stage[2].rd_stg_inst          |    <0.001 |
|                           gsync_stage[2].wr_stg_inst          |    <0.001 |
|                         gntv_or_sync_fifo.gl0.rd              |    <0.001 |
|                           gras.rsts                           |    <0.001 |
|                             c0                                |    <0.001 |
|                             c1                                |    <0.001 |
|                           rpntr                               |    <0.001 |
|                         gntv_or_sync_fifo.gl0.wr              |    <0.001 |
|                           gwas.gpf.wrpf                       |    <0.001 |
|                           gwas.wsts                           |    <0.001 |
|                             c1                                |    <0.001 |
|                             c2                                |    <0.001 |
|                           wpntr                               |    <0.001 |
|                         gntv_or_sync_fifo.mem                 |    <0.001 |
|                           gbm.gbmg.gbmga.ngecc.bmg            |    <0.001 |
|                             inst_blk_mem_gen                  |    <0.001 |
|                               gnativebmg.native_blk_mem_gen   |    <0.001 |
|                                 valid.cstr                    |    <0.001 |
|                                   ramloop[0].ram.r            |    <0.001 |
|                                     prim_noinit.ram           |    <0.001 |
|                         rstblk                                |    <0.001 |
|         xlconcat_0                                            |     0.000 |
|     xillybus_core_ins                                         |     0.025 |
|       axi4_send_dma_ins/xillybus_wr_fifo/ram0/Mram_fifo_ram1  |    <0.001 |
|       axi4_send_dma_ins/xillybus_wr_fifo/ram0/Mram_fifo_ram2  |    <0.001 |
|       axi4_send_dma_ins/xillybus_wr_fifo/ram0/Mram_fifo_ram3  |    <0.001 |
|       axi4_send_dma_ins/xillybus_wr_fifo/ram0/Mram_fifo_ram4  |    <0.001 |
|       axi4_send_dma_ins/xillybus_wr_fifo/ram0/Mram_fifo_ram51 |    <0.001 |
|       axi4_send_dma_ins/xillybus_wr_fifo/ram0/Mram_fifo_ram52 |    <0.001 |
|       axi4_send_dma_ins/xillybus_wr_fifo/ram0/Mram_fifo_ram61 |    <0.001 |
|       axi4_send_dma_ins/xillybus_wr_fifo/ram0/Mram_fifo_ram62 |    <0.001 |
|       axi4_send_dma_ins/xillybus_wr_fifo/ram1/Mram_fifo_ram1  |    <0.001 |
|       axi4_send_dma_ins/xillybus_wr_fifo/ram1/Mram_fifo_ram2  |    <0.001 |
|       axi4_send_dma_ins/xillybus_wr_fifo/ram1/Mram_fifo_ram3  |    <0.001 |
|       axi4_send_dma_ins/xillybus_wr_fifo/ram1/Mram_fifo_ram4  |    <0.001 |
|       axi4_send_dma_ins/xillybus_wr_fifo/ram1/Mram_fifo_ram51 |    <0.001 |
|       axi4_send_dma_ins/xillybus_wr_fifo/ram1/Mram_fifo_ram52 |    <0.001 |
|       axi4_send_dma_ins/xillybus_wr_fifo/ram1/Mram_fifo_ram61 |    <0.001 |
|       axi4_send_dma_ins/xillybus_wr_fifo/ram1/Mram_fifo_ram62 |    <0.001 |
|       axi4_send_dma_ins/xillybus_wr_fifo/ram2/Mram_fifo_ram1  |    <0.001 |
|       axi4_send_dma_ins/xillybus_wr_fifo/ram2/Mram_fifo_ram2  |    <0.001 |
|       axi4_send_dma_ins/xillybus_wr_fifo/ram2/Mram_fifo_ram3  |    <0.001 |
|       axi4_send_dma_ins/xillybus_wr_fifo/ram2/Mram_fifo_ram4  |    <0.001 |
|       axi4_send_dma_ins/xillybus_wr_fifo/ram2/Mram_fifo_ram51 |    <0.001 |
|       axi4_send_dma_ins/xillybus_wr_fifo/ram2/Mram_fifo_ram52 |    <0.001 |
|       axi4_send_dma_ins/xillybus_wr_fifo/ram2/Mram_fifo_ram61 |    <0.001 |
|       axi4_send_dma_ins/xillybus_wr_fifo/ram2/Mram_fifo_ram62 |    <0.001 |
|       axi4_send_dma_ins/xillybus_wr_fifo/ram3/Mram_fifo_ram1  |    <0.001 |
|       axi4_send_dma_ins/xillybus_wr_fifo/ram3/Mram_fifo_ram2  |    <0.001 |
|       axi4_send_dma_ins/xillybus_wr_fifo/ram3/Mram_fifo_ram3  |    <0.001 |
|       axi4_send_dma_ins/xillybus_wr_fifo/ram3/Mram_fifo_ram4  |    <0.001 |
|       axi4_send_dma_ins/xillybus_wr_fifo/ram3/Mram_fifo_ram51 |    <0.001 |
|       axi4_send_dma_ins/xillybus_wr_fifo/ram3/Mram_fifo_ram52 |    <0.001 |
|       axi4_send_dma_ins/xillybus_wr_fifo/ram3/Mram_fifo_ram61 |    <0.001 |
|       axi4_send_dma_ins/xillybus_wr_fifo/ram3/Mram_fifo_ram62 |    <0.001 |
|       msg_buf_ins                                             |    <0.001 |
|         Mram_mem1                                             |    <0.001 |
|         Mram_mem2                                             |    <0.001 |
|         Mram_mem3                                             |    <0.001 |
|         Mram_mem4                                             |    <0.001 |
|         Mram_mem5                                             |    <0.001 |
|         Mram_mem61                                            |    <0.001 |
|         Mram_mem62                                            |    <0.001 |
|       unitr_2_ins/Mram_unitr_2_offsets1                       |    <0.001 |
|       unitr_2_ins/Mram_unitr_2_offsets10                      |    <0.001 |
|       unitr_2_ins/Mram_unitr_2_offsets11                      |    <0.001 |
|       unitr_2_ins/Mram_unitr_2_offsets12                      |    <0.001 |
|       unitr_2_ins/Mram_unitr_2_offsets13                      |    <0.001 |
|       unitr_2_ins/Mram_unitr_2_offsets14                      |    <0.001 |
|       unitr_2_ins/Mram_unitr_2_offsets15                      |    <0.001 |
|       unitr_2_ins/Mram_unitr_2_offsets16                      |    <0.001 |
|       unitr_2_ins/Mram_unitr_2_offsets17                      |    <0.001 |
|       unitr_2_ins/Mram_unitr_2_offsets18                      |    <0.001 |
|       unitr_2_ins/Mram_unitr_2_offsets19                      |    <0.001 |
|       unitr_2_ins/Mram_unitr_2_offsets2                       |    <0.001 |
|       unitr_2_ins/Mram_unitr_2_offsets20                      |    <0.001 |
|       unitr_2_ins/Mram_unitr_2_offsets3                       |    <0.001 |
|       unitr_2_ins/Mram_unitr_2_offsets4                       |    <0.001 |
|       unitr_2_ins/Mram_unitr_2_offsets5                       |    <0.001 |
|       unitr_2_ins/Mram_unitr_2_offsets6                       |    <0.001 |
|       unitr_2_ins/Mram_unitr_2_offsets7                       |    <0.001 |
|       unitr_2_ins/Mram_unitr_2_offsets8                       |    <0.001 |
|       unitr_2_ins/Mram_unitr_2_offsets9                       |    <0.001 |
|       unitr_4_ins/Mram_unitr_4_offsets1                       |    <0.001 |
|       unitr_4_ins/Mram_unitr_4_offsets2                       |    <0.001 |
|       unitr_5_ins/Mram_unitr_5_offsets1                       |    <0.001 |
|       unitr_5_ins/Mram_unitr_5_offsets2                       |    <0.001 |
|       unitr_6_ins/Mram_unitr_6_offsets1                       |    <0.001 |
|       unitr_6_ins/Mram_unitr_6_offsets21                      |    <0.001 |
|       unitr_6_ins/Mram_unitr_6_offsets22                      |    <0.001 |
|       unitr_6_ins/Mram_unitr_6_offsets23                      |    <0.001 |
|       unitr_6_ins/Mram_unitr_6_offsets24                      |    <0.001 |
|       unitr_7_ins/Mram_unitr_7_offsets1                       |    <0.001 |
|       unitr_7_ins/Mram_unitr_7_offsets2                       |    <0.001 |
+---------------------------------------------------------------+-----------+


